<?xml version="1.0" encoding="UTF-8"?>
<testng-results ignored="0" total="1" passed="1" failed="0" skipped="0">
  <reporter-output>
  </reporter-output>
  <suite started-at="2024-11-29T23:03:38 CST" name="Suite" finished-at="2024-11-29T23:04:52 CST" duration-ms="73500">
    <groups>
    </groups>
    <test started-at="2024-11-29T23:03:38 CST" name="Test" finished-at="2024-11-29T23:04:52 CST" duration-ms="73500">
      <class name="com.automation.tests.SignInNSentEmailTests">
        <test-method is-config="true" signature="preSetup()[pri:0, instance:com.automation.tests.SignInNSentEmailTests@62fdb4a6]" started-at="2024-11-29T23:03:38 CST" name="preSetup" finished-at="2024-11-29T23:03:38 CST" duration-ms="158" status="PASS">
          <reporter-output>
          </reporter-output>
        </test-method> <!-- preSetup -->
        <test-method is-config="true" signature="setup()[pri:0, instance:com.automation.tests.SignInNSentEmailTests@62fdb4a6]" started-at="2024-11-29T23:03:38 CST" name="setup" finished-at="2024-11-29T23:03:40 CST" duration-ms="1794" status="PASS">
          <reporter-output>
          </reporter-output>
        </test-method> <!-- setup -->
        <test-method signature="verifySignInNSentEmail()[pri:0, instance:com.automation.tests.SignInNSentEmailTests@62fdb4a6]" started-at="2024-11-29T23:03:40 CST" name="verifySignInNSentEmail" finished-at="2024-11-29T23:04:52 CST" duration-ms="71683" status="PASS">
          <reporter-output>
          </reporter-output>
        </test-method> <!-- verifySignInNSentEmail -->
        <test-method is-config="true" signature="postTestAction(org.testng.ITestResult)[pri:0, instance:com.automation.tests.SignInNSentEmailTests@62fdb4a6]" started-at="2024-11-29T23:04:52 CST" name="postTestAction" finished-at="2024-11-29T23:04:52 CST" duration-ms="1" status="PASS">
          <params>
            <param index="0">
              <value>
                <![CDATA[[TestResult name=verifySignInNSentEmail status=SUCCESS method=SignInNSentEmailTests.verifySignInNSentEmail()[pri:0, instance:com.automation.tests.SignInNSentEmailTests@62fdb4a6] output={null}]]]>
              </value>
            </param>
          </params>
          <reporter-output>
          </reporter-output>
        </test-method> <!-- postTestAction -->
        <test-method is-config="true" signature="postTeardown()[pri:0, instance:com.automation.tests.SignInNSentEmailTests@62fdb4a6]" started-at="2024-11-29T23:04:52 CST" name="postTeardown" finished-at="2024-11-29T23:04:52 CST" duration-ms="361" status="PASS">
          <reporter-output>
          </reporter-output>
        </test-method> <!-- postTeardown -->
      </class> <!-- com.automation.tests.SignInNSentEmailTests -->
    </test> <!-- Test -->
  </suite> <!-- Suite -->
</testng-results>
