<?xml version="1.0" encoding="UTF-8"?>
<testng-results ignored="0" total="1" passed="1" failed="0" skipped="0">
  <reporter-output>
  </reporter-output>
  <suite started-at="2023-11-22T13:08:08 CST" name="Suite" finished-at="2023-11-22T13:08:16 CST" duration-ms="7264">
    <groups>
    </groups>
    <test started-at="2023-11-22T13:08:08 CST" name="Test" finished-at="2023-11-22T13:08:16 CST" duration-ms="7264">
      <class name="com.automation.tests.LoginTests">
        <test-method is-config="true" signature="preSetup()[pri:0, instance:com.automation.tests.LoginTests@482bce4f]" started-at="2023-11-22T13:08:08 CST" name="preSetup" finished-at="2023-11-22T13:08:08 CST" duration-ms="177" status="PASS">
          <reporter-output>
          </reporter-output>
        </test-method> <!-- preSetup -->
        <test-method is-config="true" signature="setup()[pri:0, instance:com.automation.tests.LoginTests@482bce4f]" started-at="2023-11-22T13:08:08 CST" name="setup" finished-at="2023-11-22T13:08:10 CST" duration-ms="1875" status="PASS">
          <reporter-output>
          </reporter-output>
        </test-method> <!-- setup -->
        <test-method signature="verifyUserLoginWithCorrectCredentials(java.lang.String, java.lang.String)[pri:0, instance:com.automation.tests.LoginTests@482bce4f]" started-at="2023-11-22T13:08:10 CST" name="verifyUserLoginWithCorrectCredentials" finished-at="2023-11-22T13:08:15 CST" duration-ms="5246" status="PASS">
          <params>
            <param index="0">
              <value>
                <![CDATA[mngr539702]]>
              </value>
            </param>
            <param index="1">
              <value>
                <![CDATA[UhUhEbE]]>
              </value>
            </param>
          </params>
          <reporter-output>
          </reporter-output>
        </test-method> <!-- verifyUserLoginWithCorrectCredentials -->
        <test-method is-config="true" signature="postTestAction(org.testng.ITestResult)[pri:0, instance:com.automation.tests.LoginTests@482bce4f]" started-at="2023-11-22T13:08:15 CST" name="postTestAction" finished-at="2023-11-22T13:08:15 CST" duration-ms="8" status="PASS">
          <params>
            <param index="0">
              <value>
                <![CDATA[[TestResult name=verifyUserLoginWithCorrectCredentials status=SUCCESS method=LoginTests.verifyUserLoginWithCorrectCredentials(java.lang.String, java.lang.String)[pri:0, instance:com.automation.tests.LoginTests@482bce4f] output={null}]]]>
              </value>
            </param>
          </params>
          <reporter-output>
          </reporter-output>
        </test-method> <!-- postTestAction -->
        <test-method is-config="true" signature="tearDown()[pri:0, instance:com.automation.tests.LoginTests@482bce4f]" started-at="2023-11-22T13:08:15 CST" name="tearDown" finished-at="2023-11-22T13:08:16 CST" duration-ms="98" status="PASS">
          <reporter-output>
          </reporter-output>
        </test-method> <!-- tearDown -->
        <test-method is-config="true" signature="postTeardown()[pri:0, instance:com.automation.tests.LoginTests@482bce4f]" started-at="2023-11-22T13:08:16 CST" name="postTeardown" finished-at="2023-11-22T13:08:16 CST" duration-ms="241" status="PASS">
          <reporter-output>
          </reporter-output>
        </test-method> <!-- postTeardown -->
      </class> <!-- com.automation.tests.LoginTests -->
    </test> <!-- Test -->
  </suite> <!-- Suite -->
</testng-results>
