<?xml version="1.0" encoding="UTF-8"?>
<testsuite xmlns:xsi="http://www.w3.org/2001/XMLSchema-instance" xsi:noNamespaceSchemaLocation="https://maven.apache.org/surefire/maven-surefire-plugin/xsd/surefire-test-report-3.0.xsd" version="3.0" name="com.automation.tests.RegisterNTITests" time="12.073" tests="1" errors="0" skipped="0" failures="1">
  <properties>
[...]
</properties>
  <testcase name="signUpAndGrant" classname="com.automation.tests.RegisterNTITests" time="8.336">
    <failure message="Keys to send should be a not null CharSequence" type="java.lang.IllegalArgumentException">java.lang.IllegalArgumentException: Keys to send should be a not null CharSequence
	at com.automation.tests.RegisterNTITests.signUpAndGrant(RegisterNTITests.java:31)
</failure>
    <system-out><![CDATA[Configuring TestNG with: TestNG60Configurator
]]></system-out>
    <system-err><![CDATA[Starting ChromeDriver 125.0.6422.76 (67dcf7562b8fb4ab0819135589e37a97bcc8942c-refs/branch-heads/6422@{#1086}) on port 16502
Only local connections are allowed.
Please see https://chromedriver.chromium.org/security-considerations for suggestions on keeping ChromeDriver safe.
ChromeDriver was started successfully.
Jun 07, 2024 7:41:32 AM org.openqa.selenium.remote.ProtocolHandshake createSession
INFO: Detected dialect: W3C
]]></system-err>
  </testcase>
</testsuite>