<?xml version="1.0" encoding="UTF-8"?>
<!-- Generated by org.testng.reporters.JUnitXMLReporter -->
<testsuite ignored="0" hostname="Mud.local" failures="1" tests="1" name="Surefire test" time="11.2" errors="0" timestamp="2024-06-07T07:41:42 CST">
  <testcase classname="com.automation.tests.RegisterNTITests" name="signUpAndGrant" time="8.327">
    <failure type="java.lang.IllegalArgumentException" message="Keys to send should be a not null CharSequence">
      <![CDATA[java.lang.IllegalArgumentException: Keys to send should be a not null CharSequence
at org.openqa.selenium.remote.RemoteWebElement.sendKeys(RemoteWebElement.java:97)
at org.openqa.selenium.support.pagefactory.internal.LocatingElementHandler.invoke(LocatingElementHandler.java:51)
at jdk.proxy2/jdk.proxy2.$Proxy13.sendKeys(Unknown Source)
at commonLibs.implementationn.ElementControl.setText(ElementControl.java:25)
at com.automation.pages.RegisterNTIPage.signUp(RegisterNTIPage.java:99)
at com.automation.tests.RegisterNTITests.signUpAndGrant(RegisterNTITests.java:31)
at java.base/java.util.ArrayList.forEach(ArrayList.java:1511)
... Removed 32 stack frames]]>
    </failure>
  </testcase> <!-- signUpAndGrant -->
</testsuite> <!-- Surefire test -->
