<?xml version="1.0" encoding="UTF-8"?>
<!-- Generated by org.testng.reporters.JUnitXMLReporter -->
<testsuite ignored="0" hostname="Mud.local" failures="1" tests="1" name="Test" time="31.659" errors="0" timestamp="2024-06-13T19:25:50 CST">
  <testcase classname="com.automation.tests.SignInAndGrantNTITests" name="signInAndGrant" time="28.654">
    <failure type="java.lang.AssertionError" message="expected:&amp;lt;Coursera | Online Courses From Top Universities. Join for Free&amp;gt; but was:&amp;lt;Skills for Global Success | Coursera&amp;gt;">
      <![CDATA[java.lang.AssertionError: expected:<Coursera | Online Courses From Top Universities. Join for Free> but was:<Skills for Global Success | Coursera>
at com.automation.tests.SignInAndGrantNTITests.signInAndGrant(SignInAndGrantNTITests.java:71)
at java.base/java.util.ArrayList.forEach(ArrayList.java:1541)
... Removed 33 stack frames]]>
    </failure>
  </testcase> <!-- signInAndGrant -->
</testsuite> <!-- Test -->
