-------------------------------------------------------------------------------
Test set: com.automation.tests.RegisterNTITests
-------------------------------------------------------------------------------
Tests run: 1, Failures: 1, Errors: 0, Skipped: 0, Time elapsed: 12.073 s <<< FAILURE! - in com.automation.tests.RegisterNTITests
signUpAndGrant(com.automation.tests.RegisterNTITests)  Time elapsed: 8.336 s  <<< FAILURE!
java.lang.IllegalArgumentException: Keys to send should be a not null CharSequence
	at com.automation.tests.RegisterNTITests.signUpAndGrant(RegisterNTITests.java:31)

