-------------------------------------------------------------------------------
Test set: TestSuite
-------------------------------------------------------------------------------
Tests run: 1, Failures: 1, Errors: 0, Skipped: 0, Time elapsed: 32.369 s <<< FAILURE! - in TestSuite
signInAndGrant(com.automation.tests.SignInAndGrantNTITests)  Time elapsed: 28.664 s  <<< FAILURE!
java.lang.AssertionError: expected:<Coursera | Online Courses From Top Universities. Join for Free> but was:<Skills for Global Success | Coursera>
	at com.automation.tests.SignInAndGrantNTITests.signInAndGrant(SignInAndGrantNTITests.java:71)

